2014-12-10T16:16:15.782+0100 [initandlisten] MongoDB starting : pid=18347 port=27017 dbpath=./data/mongodb/ 64-bit host=Zoltans-MacBook-Pro.local
2014-12-10T16:16:15.783+0100 [initandlisten] db version v2.6.5
2014-12-10T16:16:15.783+0100 [initandlisten] git version: nogitversion
2014-12-10T16:16:15.783+0100 [initandlisten] build info: Darwin miniyosemite.local 14.0.0 Darwin Kernel Version 14.0.0: Fri Sep 19 00:26:44 PDT 2014; root:xnu-2782.1.97~2/RELEASE_X86_64 x86_64 BOOST_LIB_VERSION=1_49
2014-12-10T16:16:15.783+0100 [initandlisten] allocator: tcmalloc
2014-12-10T16:16:15.783+0100 [initandlisten] options: { config: "./config/mongodb.conf", net: { bindIp: "127.0.0.1", port: 27017 }, processManagement: { pidFilePath: "./pid/mongodb.pid" }, storage: { dbPath: "./data/mongodb/" }, systemLog: { destination: "file", logAppend: true, path: "./log/mongodb.log" } }
2014-12-10T16:16:15.783+0100 [initandlisten] journal dir=./data/mongodb/journal
2014-12-10T16:16:15.783+0100 [initandlisten] recover : no journal files present, no recovery needed
2014-12-10T16:16:15.797+0100 [initandlisten] allocating new ns file ./data/mongodb/local.ns, filling with zeroes...
2014-12-10T16:16:15.830+0100 [FileAllocator] allocating new datafile ./data/mongodb/local.0, filling with zeroes...
2014-12-10T16:16:15.830+0100 [FileAllocator] creating directory ./data/mongodb/_tmp
2014-12-10T16:16:15.910+0100 [FileAllocator] done allocating datafile ./data/mongodb/local.0, size: 64MB,  took 0.079 secs
2014-12-10T16:16:15.924+0100 [initandlisten] build index on: local.startup_log properties: { v: 1, key: { _id: 1 }, name: "_id_", ns: "local.startup_log" }
2014-12-10T16:16:15.925+0100 [initandlisten] 	 added index to empty collection
2014-12-10T16:16:15.925+0100 [initandlisten] command local.$cmd command: create { create: "startup_log", size: 10485760, capped: true } ntoreturn:1 keyUpdates:0 numYields:0  reslen:37 127ms
2014-12-10T16:16:15.925+0100 [initandlisten] waiting for connections on port 27017
2014-12-10T16:16:19.811+0100 [initandlisten] connection accepted from 127.0.0.1:52799 #1 (1 connection now open)
2014-12-10T16:16:19.813+0100 [conn1] allocating new ns file ./data/mongodb/test.ns, filling with zeroes...
2014-12-10T16:16:19.839+0100 [FileAllocator] allocating new datafile ./data/mongodb/test.0, filling with zeroes...
2014-12-10T16:16:19.920+0100 [FileAllocator] done allocating datafile ./data/mongodb/test.0, size: 64MB,  took 0.08 secs
2014-12-10T16:16:19.933+0100 [conn1] build index on: test.contacts properties: { v: 1, key: { _id: 1 }, name: "_id_", ns: "test.contacts" }
2014-12-10T16:16:19.934+0100 [conn1] 	 added index to empty collection
2014-12-10T16:16:19.934+0100 [conn1] insert test.contacts ninserted:1 keyUpdates:0 numYields:0 locks(micros) w:121391 121ms
2014-12-10T16:16:19.937+0100 [conn1] end connection 127.0.0.1:52799 (0 connections now open)
2014-12-10T16:16:38.195+0100 [initandlisten] connection accepted from 127.0.0.1:52800 #2 (1 connection now open)
2014-12-10T16:17:02.120+0100 [conn2] end connection 127.0.0.1:52800 (0 connections now open)
2014-12-10T16:17:15.854+0100 [clientcursormon] mem (MB) res:35 virt:2806
2014-12-10T16:17:15.854+0100 [clientcursormon]  mapped (incl journal view):320
2014-12-10T16:17:15.854+0100 [clientcursormon]  connections:0
